This is pdfTeX, Version 3.1415926-1.40.10 (MiKTeX 2.8) (preloaded format=pdflatex 2009.11.9)  3 DEC 2009 15:39
entering extended mode
**E:/Dustin/Eigene*Dokumente/Arbeit/Studium/5.*Semester/geosoftware/doc/Feinpla
nung/feinplanung.tex

("E:/Dustin/Eigene Dokumente/Arbeit/Studium/5. Semester/geosoftware/doc/Feinpla
nung/feinplanung.tex"
LaTeX2e <2009/09/24>
Babel <v3.8l> and hyphenation patterns for english, dumylang, nohyphenation, ge
rman, ngerman, german-x-2009-06-19, ngerman-x-2009-06-19, french, loaded.
("C:\Program Files (x86)\MiKTeX 2.8\tex\latex\koma-script\scrartcl.cls"
Document Class: scrartcl 2009/07/24 v3.04a KOMA-Script document class (article)

("C:\Program Files (x86)\MiKTeX 2.8\tex\latex\koma-script\scrkbase.sty"
Package: scrkbase 2009/07/24 v3.04a KOMA-Script package (KOMA-Script-dependent 
basics and keyval usage)

("C:\Program Files (x86)\MiKTeX 2.8\tex\latex\koma-script\scrbase.sty"
Package: scrbase 2009/07/24 v3.04a KOMA-Script package (KOMA-Script-independent
 basics and keyval usage)

("C:\Program Files (x86)\MiKTeX 2.8\tex\latex\graphics\keyval.sty"
Package: keyval 1999/03/16 v1.13 key=value parser (DPC)
\KV@toks@=\toks14
)
("C:\Program Files (x86)\MiKTeX 2.8\tex\latex\koma-script\scrlfile.sty"
Package: scrlfile 2009/03/25 v3.03 KOMA-Script package (loading files)

Package scrlfile, 2009/03/25 v3.03 KOMA-Script package (loading files)
                  Copyright (C) Markus Kohm

))) ("C:\Program Files (x86)\MiKTeX 2.8\tex\latex\koma-script\tocbasic.sty"
Package: tocbasic 2009/06/08 v3.03b KOMA-Script package (handling toc-files)
)
Package tocbasic Info: omitting babel extension for `toc'
(tocbasic)             because of feature `nobabel' available
(tocbasic)             for `toc' on input line 115.
Package tocbasic Info: omitting babel extension for `lof'
(tocbasic)             because of feature `nobabel' available
(tocbasic)             for `lof' on input line 116.
Package tocbasic Info: omitting babel extension for `lot'
(tocbasic)             because of feature `nobabel' available
(tocbasic)             for `lot' on input line 117.
Package scrartcl Info: You've used obsolete option `11pt'.
(scrartcl)             \KOMAExecuteOptions{fontsize=11pt} will be
(scrartcl)             used instead.
(scrartcl)             You may simply replace `11pt'
(scrartcl)             by `fontsize=11pt'.
Class scrartcl Info: File `scrsize11pt.clo' used to setup font sizes on input l
ine 1171.

("C:\Program Files (x86)\MiKTeX 2.8\tex\latex\koma-script\scrsize11pt.clo"
File: scrsize11pt.clo 2009/07/24 v3.04a KOMA-Script font size class option (11p
t)
)
("C:\Program Files (x86)\MiKTeX 2.8\tex\latex\koma-script\typearea.sty"
Package: typearea 2009/07/24 v3.04a KOMA-Script package (type area)

Package typearea, 2009/07/24 v3.04a KOMA-Script package (type area)
                  Copyright (C) Frank Neukam, 1992-1994
                  Copyright (C) Markus Kohm, 1994-

\ta@bcor=\skip41
\ta@div=\count79
Package typearea Info: You've used standard option `a4paper'.
(typearea)             This is correct!
(typearea)             Internaly I'm using `paper=a4'.
(typearea)             If you'd like to set the option with \KOMAoptions,
(typearea)             you'd have to use `paper=a4' there
(typearea)             instead of `a4paper', too.
\ta@hblk=\skip42
\ta@vblk=\skip43
\ta@temp=\skip44
Package typearea Info: These are the values describing the layout:
(typearea)             DIV  = 10
(typearea)             BCOR = 0.0pt
(typearea)             \paperwidth      = 597.50793pt
(typearea)              \textwidth      = 418.25555pt
(typearea)              DIV departure   = -6%
(typearea)              \evensidemargin = 17.3562pt
(typearea)              \oddsidemargin  = 17.3562pt
(typearea)             \paperheight     = 845.04694pt
(typearea)              \textheight     = 595.80026pt
(typearea)              \topmargin      = -25.16531pt
(typearea)              \headheight     = 17.0pt
(typearea)              \headsep        = 20.40001pt
(typearea)              \topskip        = 11.0pt
(typearea)              \footskip       = 47.60002pt
(typearea)              \baselineskip   = 13.6pt
(typearea)              on input line 1115.
)
\c@part=\count80
\c@section=\count81
\c@subsection=\count82
\c@subsubsection=\count83
\c@paragraph=\count84
\c@subparagraph=\count85
\abovecaptionskip=\skip45
\belowcaptionskip=\skip46
\c@pti@nb@sid@b@x=\box26
\c@figure=\count86
\c@table=\count87
\bibindent=\dimen102
)
("E:\Dustin\Eigene Dokumente\Arbeit\Studium\5. Semester\geosoftware\doc\package
s\geosoftware.sty"
("C:\Program Files (x86)\MiKTeX 2.8\tex\generic\babel\babel.sty"
Package: babel 2008/07/06 v3.8l The Babel package

*************************************
* Local config file bblopts.cfg used
*
("C:\Program Files (x86)\MiKTeX 2.8\tex\latex\00miktex\bblopts.cfg"
File: bblopts.cfg 2006/07/31 v1.0 MiKTeX 'babel' configuration
)
("C:\Program Files (x86)\MiKTeX 2.8\tex\generic\babel\ngermanb.ldf"
Language: ngermanb 2008/07/06 v2.6n new German support from the babel system

("C:\Program Files (x86)\MiKTeX 2.8\tex\generic\babel\babel.def"
File: babel.def 2008/07/06 v3.8l Babel common definitions
\babel@savecnt=\count88
\U@D=\dimen103
)
\l@naustrian = a dialect from \language\l@ngerman 
Package babel Info: Making " an active character on input line 92.
))
("C:\Program Files (x86)\MiKTeX 2.8\tex\latex\base\fontenc.sty"
Package: fontenc 2005/09/27 v1.99g Standard LaTeX package

("C:\Program Files (x86)\MiKTeX 2.8\tex\latex\base\t1enc.def"
File: t1enc.def 2005/09/27 v1.99g Standard LaTeX file
LaTeX Font Info:    Redeclaring font encoding T1 on input line 43.
))
("C:\Program Files (x86)\MiKTeX 2.8\tex\latex\ams\math\amsmath.sty"
Package: amsmath 2000/07/18 v2.13 AMS math features
\@mathmargin=\skip47

For additional information on amsmath, use the `?' option.
("C:\Program Files (x86)\MiKTeX 2.8\tex\latex\ams\math\amstext.sty"
Package: amstext 2000/06/29 v2.01

("C:\Program Files (x86)\MiKTeX 2.8\tex\latex\ams\math\amsgen.sty"
File: amsgen.sty 1999/11/30 v2.0
\@emptytoks=\toks15
\ex@=\dimen104
))
("C:\Program Files (x86)\MiKTeX 2.8\tex\latex\ams\math\amsbsy.sty"
Package: amsbsy 1999/11/29 v1.2d
\pmbraise@=\dimen105
)
("C:\Program Files (x86)\MiKTeX 2.8\tex\latex\ams\math\amsopn.sty"
Package: amsopn 1999/12/14 v2.01 operator names
)
\inf@bad=\count89
LaTeX Info: Redefining \frac on input line 211.
\uproot@=\count90
\leftroot@=\count91
LaTeX Info: Redefining \overline on input line 307.
\classnum@=\count92
\DOTSCASE@=\count93
LaTeX Info: Redefining \ldots on input line 379.
LaTeX Info: Redefining \dots on input line 382.
LaTeX Info: Redefining \cdots on input line 467.
\Mathstrutbox@=\box27
\strutbox@=\box28
\big@size=\dimen106
LaTeX Font Info:    Redeclaring font encoding OML on input line 567.
LaTeX Font Info:    Redeclaring font encoding OMS on input line 568.
\macc@depth=\count94
\c@MaxMatrixCols=\count95
\dotsspace@=\muskip10
\c@parentequation=\count96
\dspbrk@lvl=\count97
\tag@help=\toks16
\row@=\count98
\column@=\count99
\maxfields@=\count100
\andhelp@=\toks17
\eqnshift@=\dimen107
\alignsep@=\dimen108
\tagshift@=\dimen109
\tagwidth@=\dimen110
\totwidth@=\dimen111
\lineht@=\dimen112
\@envbody=\toks18
\multlinegap=\skip48
\multlinetaggap=\skip49
\mathdisplay@stack=\toks19
LaTeX Info: Redefining \[ on input line 2666.
LaTeX Info: Redefining \] on input line 2667.
)
("C:\Program Files (x86)\MiKTeX 2.8\tex\latex\amsfonts\amssymb.sty"
Package: amssymb 2009/06/22 v3.00

("C:\Program Files (x86)\MiKTeX 2.8\tex\latex\amsfonts\amsfonts.sty"
Package: amsfonts 2009/06/22 v3.00 Basic AMSFonts support
\symAMSa=\mathgroup4
\symAMSb=\mathgroup5
LaTeX Font Info:    Overwriting math alphabet `\mathfrak' in version `bold'
(Font)                  U/euf/m/n --> U/euf/b/n on input line 96.
))
("C:\Program Files (x86)\MiKTeX 2.8\tex\latex\graphics\graphicx.sty"
Package: graphicx 1999/02/16 v1.0f Enhanced LaTeX Graphics (DPC,SPQR)

("C:\Program Files (x86)\MiKTeX 2.8\tex\latex\graphics\graphics.sty"
Package: graphics 2009/02/05 v1.0o Standard LaTeX Graphics (DPC,SPQR)

("C:\Program Files (x86)\MiKTeX 2.8\tex\latex\graphics\trig.sty"
Package: trig 1999/03/16 v1.09 sin cos tan (DPC)
)
("C:\Program Files (x86)\MiKTeX 2.8\tex\latex\00miktex\graphics.cfg"
File: graphics.cfg 2007/01/18 v1.5 graphics configuration of teTeX/TeXLive
)
Package graphics Info: Driver file: pdftex.def on input line 91.

("C:\Program Files (x86)\MiKTeX 2.8\tex\latex\pdftex-def\pdftex.def"
File: pdftex.def 2009/08/25 v0.04m Graphics/color for pdfTeX
\Gread@gobject=\count101
))
\Gin@req@height=\dimen113
\Gin@req@width=\dimen114
)
("C:\Program Files (x86)\MiKTeX 2.8\tex\latex\fancyhdr\fancyhdr.sty"
\fancy@headwidth=\skip50
\f@ncyO@elh=\skip51
\f@ncyO@erh=\skip52
\f@ncyO@olh=\skip53
\f@ncyO@orh=\skip54
\f@ncyO@elf=\skip55
\f@ncyO@erf=\skip56
\f@ncyO@olf=\skip57
\f@ncyO@orf=\skip58
)
("C:\Program Files (x86)\MiKTeX 2.8\tex\latex\lastpage\lastpage.sty"
Package: lastpage 1994/06/25 v0.1b LaTeX2e package for refs to last page number
 (JPG)
)
("C:\Program Files (x86)\MiKTeX 2.8\tex\latex\moreverb\moreverb.sty"
Package: moreverb 2008/06/03 v2.3 `more' verbatim facilities

("C:\Program Files (x86)\MiKTeX 2.8\tex\latex\tools\verbatim.sty"
Package: verbatim 2003/08/22 v1.5q LaTeX2e package for verbatim enhancements
\every@verbatim=\toks20
\verbatim@line=\toks21
\verbatim@in@stream=\read1
)
\verbatim@out=\write3
\tab@position=\count102
\tab@size=\count103
\listing@line=\count104
)
("C:\Program Files (x86)\MiKTeX 2.8\tex\latex\base\inputenc.sty"
Package: inputenc 2008/03/30 v1.1d Input encoding file
\inpenc@prehook=\toks22
\inpenc@posthook=\toks23

("C:\Program Files (x86)\MiKTeX 2.8\tex\latex\base\utf8.def"
File: utf8.def 2008/04/05 v1.1m UTF-8 support for inputenc
Now handling font encoding OML ...
... no UTF-8 mapping file for font encoding OML
Now handling font encoding T1 ...
... processing UTF-8 mapping file for font encoding T1

("C:\Program Files (x86)\MiKTeX 2.8\tex\latex\base\t1enc.dfu"
File: t1enc.dfu 2008/04/05 v1.1m UTF-8 support for inputenc
   defining Unicode char U+00A1 (decimal 161)
   defining Unicode char U+00A3 (decimal 163)
   defining Unicode char U+00AB (decimal 171)
   defining Unicode char U+00BB (decimal 187)
   defining Unicode char U+00BF (decimal 191)
   defining Unicode char U+00C0 (decimal 192)
   defining Unicode char U+00C1 (decimal 193)
   defining Unicode char U+00C2 (decimal 194)
   defining Unicode char U+00C3 (decimal 195)
   defining Unicode char U+00C4 (decimal 196)
   defining Unicode char U+00C5 (decimal 197)
   defining Unicode char U+00C6 (decimal 198)
   defining Unicode char U+00C7 (decimal 199)
   defining Unicode char U+00C8 (decimal 200)
   defining Unicode char U+00C9 (decimal 201)
   defining Unicode char U+00CA (decimal 202)
   defining Unicode char U+00CB (decimal 203)
   defining Unicode char U+00CC (decimal 204)
   defining Unicode char U+00CD (decimal 205)
   defining Unicode char U+00CE (decimal 206)
   defining Unicode char U+00CF (decimal 207)
   defining Unicode char U+00D0 (decimal 208)
   defining Unicode char U+00D1 (decimal 209)
   defining Unicode char U+00D2 (decimal 210)
   defining Unicode char U+00D3 (decimal 211)
   defining Unicode char U+00D4 (decimal 212)
   defining Unicode char U+00D5 (decimal 213)
   defining Unicode char U+00D6 (decimal 214)
   defining Unicode char U+00D8 (decimal 216)
   defining Unicode char U+00D9 (decimal 217)
   defining Unicode char U+00DA (decimal 218)
   defining Unicode char U+00DB (decimal 219)
   defining Unicode char U+00DC (decimal 220)
   defining Unicode char U+00DD (decimal 221)
   defining Unicode char U+00DE (decimal 222)
   defining Unicode char U+00DF (decimal 223)
   defining Unicode char U+00E0 (decimal 224)
   defining Unicode char U+00E1 (decimal 225)
   defining Unicode char U+00E2 (decimal 226)
   defining Unicode char U+00E3 (decimal 227)
   defining Unicode char U+00E4 (decimal 228)
   defining Unicode char U+00E5 (decimal 229)
   defining Unicode char U+00E6 (decimal 230)
   defining Unicode char U+00E7 (decimal 231)
   defining Unicode char U+00E8 (decimal 232)
   defining Unicode char U+00E9 (decimal 233)
   defining Unicode char U+00EA (decimal 234)
   defining Unicode char U+00EB (decimal 235)
   defining Unicode char U+00EC (decimal 236)
   defining Unicode char U+00ED (decimal 237)
   defining Unicode char U+00EE (decimal 238)
   defining Unicode char U+00EF (decimal 239)
   defining Unicode char U+00F0 (decimal 240)
   defining Unicode char U+00F1 (decimal 241)
   defining Unicode char U+00F2 (decimal 242)
   defining Unicode char U+00F3 (decimal 243)
   defining Unicode char U+00F4 (decimal 244)
   defining Unicode char U+00F5 (decimal 245)
   defining Unicode char U+00F6 (decimal 246)
   defining Unicode char U+00F8 (decimal 248)
   defining Unicode char U+00F9 (decimal 249)
   defining Unicode char U+00FA (decimal 250)
   defining Unicode char U+00FB (decimal 251)
   defining Unicode char U+00FC (decimal 252)
   defining Unicode char U+00FD (decimal 253)
   defining Unicode char U+00FE (decimal 254)
   defining Unicode char U+00FF (decimal 255)
   defining Unicode char U+0102 (decimal 258)
   defining Unicode char U+0103 (decimal 259)
   defining Unicode char U+0104 (decimal 260)
   defining Unicode char U+0105 (decimal 261)
   defining Unicode char U+0106 (decimal 262)
   defining Unicode char U+0107 (decimal 263)
   defining Unicode char U+010C (decimal 268)
   defining Unicode char U+010D (decimal 269)
   defining Unicode char U+010E (decimal 270)
   defining Unicode char U+010F (decimal 271)
   defining Unicode char U+0110 (decimal 272)
   defining Unicode char U+0111 (decimal 273)
   defining Unicode char U+0118 (decimal 280)
   defining Unicode char U+0119 (decimal 281)
   defining Unicode char U+011A (decimal 282)
   defining Unicode char U+011B (decimal 283)
   defining Unicode char U+011E (decimal 286)
   defining Unicode char U+011F (decimal 287)
   defining Unicode char U+0130 (decimal 304)
   defining Unicode char U+0131 (decimal 305)
   defining Unicode char U+0132 (decimal 306)
   defining Unicode char U+0133 (decimal 307)
   defining Unicode char U+0139 (decimal 313)
   defining Unicode char U+013A (decimal 314)
   defining Unicode char U+013D (decimal 317)
   defining Unicode char U+013E (decimal 318)
   defining Unicode char U+0141 (decimal 321)
   defining Unicode char U+0142 (decimal 322)
   defining Unicode char U+0143 (decimal 323)
   defining Unicode char U+0144 (decimal 324)
   defining Unicode char U+0147 (decimal 327)
   defining Unicode char U+0148 (decimal 328)
   defining Unicode char U+014A (decimal 330)
   defining Unicode char U+014B (decimal 331)
   defining Unicode char U+0150 (decimal 336)
   defining Unicode char U+0151 (decimal 337)
   defining Unicode char U+0152 (decimal 338)
   defining Unicode char U+0153 (decimal 339)
   defining Unicode char U+0154 (decimal 340)
   defining Unicode char U+0155 (decimal 341)
   defining Unicode char U+0158 (decimal 344)
   defining Unicode char U+0159 (decimal 345)
   defining Unicode char U+015A (decimal 346)
   defining Unicode char U+015B (decimal 347)
   defining Unicode char U+015E (decimal 350)
   defining Unicode char U+015F (decimal 351)
   defining Unicode char U+0160 (decimal 352)
   defining Unicode char U+0161 (decimal 353)
   defining Unicode char U+0162 (decimal 354)
   defining Unicode char U+0163 (decimal 355)
   defining Unicode char U+0164 (decimal 356)
   defining Unicode char U+0165 (decimal 357)
   defining Unicode char U+016E (decimal 366)
   defining Unicode char U+016F (decimal 367)
   defining Unicode char U+0170 (decimal 368)
   defining Unicode char U+0171 (decimal 369)
   defining Unicode char U+0178 (decimal 376)
   defining Unicode char U+0179 (decimal 377)
   defining Unicode char U+017A (decimal 378)
   defining Unicode char U+017B (decimal 379)
   defining Unicode char U+017C (decimal 380)
   defining Unicode char U+017D (decimal 381)
   defining Unicode char U+017E (decimal 382)
   defining Unicode char U+200C (decimal 8204)
   defining Unicode char U+2013 (decimal 8211)
   defining Unicode char U+2014 (decimal 8212)
   defining Unicode char U+2018 (decimal 8216)
   defining Unicode char U+2019 (decimal 8217)
   defining Unicode char U+201A (decimal 8218)
   defining Unicode char U+201C (decimal 8220)
   defining Unicode char U+201D (decimal 8221)
   defining Unicode char U+201E (decimal 8222)
   defining Unicode char U+2030 (decimal 8240)
   defining Unicode char U+2031 (decimal 8241)
   defining Unicode char U+2039 (decimal 8249)
   defining Unicode char U+203A (decimal 8250)
   defining Unicode char U+2423 (decimal 9251)
)
Now handling font encoding OT1 ...
... processing UTF-8 mapping file for font encoding OT1

("C:\Program Files (x86)\MiKTeX 2.8\tex\latex\base\ot1enc.dfu"
File: ot1enc.dfu 2008/04/05 v1.1m UTF-8 support for inputenc
   defining Unicode char U+00A1 (decimal 161)
   defining Unicode char U+00A3 (decimal 163)
   defining Unicode char U+00B8 (decimal 184)
   defining Unicode char U+00BF (decimal 191)
   defining Unicode char U+00C5 (decimal 197)
   defining Unicode char U+00C6 (decimal 198)
   defining Unicode char U+00D8 (decimal 216)
   defining Unicode char U+00DF (decimal 223)
   defining Unicode char U+00E6 (decimal 230)
   defining Unicode char U+00EC (decimal 236)
   defining Unicode char U+00ED (decimal 237)
   defining Unicode char U+00EE (decimal 238)
   defining Unicode char U+00EF (decimal 239)
   defining Unicode char U+00F8 (decimal 248)
   defining Unicode char U+0131 (decimal 305)
   defining Unicode char U+0141 (decimal 321)
   defining Unicode char U+0142 (decimal 322)
   defining Unicode char U+0152 (decimal 338)
   defining Unicode char U+0153 (decimal 339)
   defining Unicode char U+2013 (decimal 8211)
   defining Unicode char U+2014 (decimal 8212)
   defining Unicode char U+2018 (decimal 8216)
   defining Unicode char U+2019 (decimal 8217)
   defining Unicode char U+201C (decimal 8220)
   defining Unicode char U+201D (decimal 8221)
)
Now handling font encoding OMS ...
... processing UTF-8 mapping file for font encoding OMS

("C:\Program Files (x86)\MiKTeX 2.8\tex\latex\base\omsenc.dfu"
File: omsenc.dfu 2008/04/05 v1.1m UTF-8 support for inputenc
   defining Unicode char U+00A7 (decimal 167)
   defining Unicode char U+00B6 (decimal 182)
   defining Unicode char U+00B7 (decimal 183)
   defining Unicode char U+2020 (decimal 8224)
   defining Unicode char U+2021 (decimal 8225)
   defining Unicode char U+2022 (decimal 8226)
)
Now handling font encoding OMX ...
... no UTF-8 mapping file for font encoding OMX
Now handling font encoding U ...
... no UTF-8 mapping file for font encoding U
   defining Unicode char U+00A9 (decimal 169)
   defining Unicode char U+00AA (decimal 170)
   defining Unicode char U+00AE (decimal 174)
   defining Unicode char U+00BA (decimal 186)
   defining Unicode char U+02C6 (decimal 710)
   defining Unicode char U+02DC (decimal 732)
   defining Unicode char U+200C (decimal 8204)
   defining Unicode char U+2026 (decimal 8230)
   defining Unicode char U+2122 (decimal 8482)
   defining Unicode char U+2423 (decimal 9251)
))
("C:\Program Files (x86)\MiKTeX 2.8\tex\latex\oberdiek\epstopdf.sty"
Package: epstopdf 2009/10/17 v2.4 Conversion with epstopdf on the fly (HO)

("C:\Program Files (x86)\MiKTeX 2.8\tex\latex\oberdiek\epstopdf-base.sty"
Package: epstopdf-base 2009/10/17 v2.4 Base part for package epstopdf

("C:\Program Files (x86)\MiKTeX 2.8\tex\generic\oberdiek\infwarerr.sty"
Package: infwarerr 2007/09/09 v1.2 Providing info/warning/message (HO)
)
("C:\Program Files (x86)\MiKTeX 2.8\tex\latex\oberdiek\grfext.sty"
Package: grfext 2007/09/30 v1.0 Managing graphics extensions (HO)
)
("C:\Program Files (x86)\MiKTeX 2.8\tex\latex\oberdiek\kvoptions.sty"
Package: kvoptions 2009/08/13 v3.4 Keyval support for LaTeX options (HO)

("C:\Program Files (x86)\MiKTeX 2.8\tex\generic\oberdiek\kvsetkeys.sty"
Package: kvsetkeys 2009/07/30 v1.5 Key value parser with default handler suppor
t (HO)

("C:\Program Files (x86)\MiKTeX 2.8\tex\generic\oberdiek\etexcmds.sty"
Package: etexcmds 2007/12/12 v1.2 Prefix for e-TeX command names (HO)
Package etexcmds Info: Could not find \expanded.
(etexcmds)             That can mean that you are not using pdfTeX 1.50 or
(etexcmds)             that some package has redefined \expanded.
(etexcmds)             In the latter case, load this package earlier.
)))
("C:\Program Files (x86)\MiKTeX 2.8\tex\generic\oberdiek\pdftexcmds.sty"
Package: pdftexcmds 2009/09/23 v0.6 LuaTeX support for pdfTeX utility functions
 (HO)

("C:\Program Files (x86)\MiKTeX 2.8\tex\generic\oberdiek\ifluatex.sty"
Package: ifluatex 2009/04/17 v1.2 Provides the ifluatex switch (HO)
Package ifluatex Info: LuaTeX not detected.
)
("C:\Program Files (x86)\MiKTeX 2.8\tex\generic\oberdiek\ltxcmds.sty"
Package: ltxcmds 2009/08/05 v1.0 Some LaTeX kernel commands for general use (HO
)
)
Package pdftexcmds Info: LuaTeX not detected.
Package pdftexcmds Info: \pdf@primitive is available.
Package pdftexcmds Info: \pdf@ifprimitive is available.
)
Package grfext Info: Graphics extension search list:
(grfext)             [.png,.pdf,.jpg,.mps,.jpeg,.jbig2,.jb2,.PNG,.PDF,.JPG,.JPE
G,.JBIG2,.JB2,.eps]
(grfext)             \AppendGraphicsExtensions on input line 433.
))
("C:\Program Files (x86)\MiKTeX 2.8\tex\latex\hyperref\hyperref.sty"
Package: hyperref 2009/10/19 v6.79b Hypertext links for LaTeX

("C:\Program Files (x86)\MiKTeX 2.8\tex\generic\oberdiek\ifpdf.sty"
Package: ifpdf 2009/04/10 v2.0 Provides the ifpdf switch (HO)
Package ifpdf Info: pdfTeX in pdf mode detected.
)
("C:\Program Files (x86)\MiKTeX 2.8\tex\generic\oberdiek\ifvtex.sty"
Package: ifvtex 2008/11/04 v1.4 Switches for detecting VTeX and its modes (HO)
Package ifvtex Info: VTeX not detected.
)
("C:\Program Files (x86)\MiKTeX 2.8\tex\latex\ifxetex\ifxetex.sty"
Package: ifxetex 2009/01/23 v0.5 Provides ifxetex conditional
)
("C:\Program Files (x86)\MiKTeX 2.8\tex\latex\oberdiek\hycolor.sty"
Package: hycolor 2009/10/02 v1.5 Code for color options of hyperref/bookmark (H
O)

("C:\Program Files (x86)\MiKTeX 2.8\tex\latex\oberdiek\xcolor-patch.sty"
Package: xcolor-patch 2009/10/02 xcolor patch
))
\@linkdim=\dimen115
\Hy@linkcounter=\count105
\Hy@pagecounter=\count106

("C:\Program Files (x86)\MiKTeX 2.8\tex\latex\hyperref\pd1enc.def"
File: pd1enc.def 2009/10/19 v6.79b Hyperref: PDFDocEncoding definition (HO)
Now handling font encoding PD1 ...
... no UTF-8 mapping file for font encoding PD1
)
("C:\Program Files (x86)\MiKTeX 2.8\tex\latex\00miktex\hyperref.cfg"
File: hyperref.cfg 2002/06/06 v1.2 hyperref configuration of TeXLive
)
Package hyperref Info: Hyper figures OFF on input line 2975.
Package hyperref Info: Link nesting OFF on input line 2980.
Package hyperref Info: Hyper index ON on input line 2983.
Package hyperref Info: Plain pages OFF on input line 2990.
Package hyperref Info: Backreferencing OFF on input line 2995.

Implicit mode ON; LaTeX internals redefined
Package hyperref Info: Bookmarks ON on input line 3191.
("C:\Program Files (x86)\MiKTeX 2.8\tex\latex\ltxmisc\url.sty"
\Urlmuskip=\muskip11
Package: url 2006/04/12  ver 3.3  Verb mode for urls, etc.
)
LaTeX Info: Redefining \url on input line 3428.

("C:\Program Files (x86)\MiKTeX 2.8\tex\generic\oberdiek\bitset.sty"
Package: bitset 2007/09/28 v1.0 Data type bit set (HO)

("C:\Program Files (x86)\MiKTeX 2.8\tex\generic\oberdiek\intcalc.sty"
Package: intcalc 2007/09/27 v1.1 Expandable integer calculations (HO)
)
("C:\Program Files (x86)\MiKTeX 2.8\tex\generic\oberdiek\bigintcalc.sty"
Package: bigintcalc 2007/11/11 v1.1 Expandable big integer calculations (HO)
))
\Fld@menulength=\count107
\Field@Width=\dimen116
\Fld@charsize=\dimen117
\Field@toks=\toks24
Package hyperref Info: Hyper figures OFF on input line 4377.
Package hyperref Info: Link nesting OFF on input line 4382.
Package hyperref Info: Hyper index ON on input line 4385.
Package hyperref Info: backreferencing OFF on input line 4392.
Package hyperref Info: Link coloring OFF on input line 4397.
Package hyperref Info: Link coloring with OCG OFF on input line 4402.
Package hyperref Info: PDF/A mode OFF on input line 4407.

("C:\Program Files (x86)\MiKTeX 2.8\tex\generic\oberdiek\atbegshi.sty"
Package: atbegshi 2008/07/31 v1.9 At begin shipout hook (HO)
)
\Hy@abspage=\count108
\c@Item=\count109
\c@Hfootnote=\count110
)
*hyperref using default driver hpdftex*
("C:\Program Files (x86)\MiKTeX 2.8\tex\latex\hyperref\hpdftex.def"
File: hpdftex.def 2009/10/19 v6.79b Hyperref driver for pdfTeX
\Fld@listcount=\count111
)
("C:\Program Files (x86)\MiKTeX 2.8\tex\latex\graphics\color.sty"
Package: color 2005/11/14 v1.0j Standard LaTeX Color (DPC)

("C:\Program Files (x86)\MiKTeX 2.8\tex\latex\00miktex\color.cfg"
File: color.cfg 2007/01/18 v1.5 color configuration of teTeX/TeXLive
)
Package color Info: Driver file: pdftex.def on input line 130.
)
("C:\Program Files (x86)\MiKTeX 2.8\tex\latex\graphics\lscape.sty"
Package: lscape 2000/10/22 v3.01 Landscape Pages (DPC)
)
("C:\Program Files (x86)\MiKTeX 2.8\tex\latex\ocr-latex\ocr.sty"
Package: ocr 2006/09/18 LaTeX support for the various OCR fonts. Created by Pal
le Jorgensen, hamselv@pallej.dk

("C:\Program Files (x86)\MiKTeX 2.8\tex\latex\base\ifthen.sty"
Package: ifthen 2001/05/26 v1.1c Standard LaTeX ifthen package (DPC)
))
("C:\Program Files (x86)\MiKTeX 2.8\tex\latex\ltxmisc\authoraftertitle.sty"
Package: authoraftertitle 2006/10/14 v0.9 package for Author after Titlepage
)
Package hyperref Info: Option `colorlinks' set `false' on input line 32.
Package hyperref Info: Option `bookmarksopen' set `true' on input line 32.
Package color Info: Redefining color red on input line 65.
)
("E:\Dustin\Eigene Dokumente\Arbeit\Studium\5. Semester\geosoftware\doc\Feinpla
nung\feinplanung.aux"

LaTeX Warning: Label `seq02' multiply defined.

)
LaTeX Font Info:    Checking defaults for OML/cmm/m/it on input line 4.
LaTeX Font Info:    ... okay on input line 4.
LaTeX Font Info:    Checking defaults for T1/cmr/m/n on input line 4.
LaTeX Font Info:    ... okay on input line 4.
LaTeX Font Info:    Checking defaults for OT1/cmr/m/n on input line 4.
LaTeX Font Info:    ... okay on input line 4.
LaTeX Font Info:    Checking defaults for OMS/cmsy/m/n on input line 4.
LaTeX Font Info:    ... okay on input line 4.
LaTeX Font Info:    Checking defaults for OMX/cmex/m/n on input line 4.
LaTeX Font Info:    ... okay on input line 4.
LaTeX Font Info:    Checking defaults for U/cmr/m/n on input line 4.
LaTeX Font Info:    ... okay on input line 4.
LaTeX Font Info:    Checking defaults for PD1/pdf/m/n on input line 4.
LaTeX Font Info:    ... okay on input line 4.
 ("C:\Program Files (x86)\MiKTeX 2.8\tex\context\base\supp-pdf.tex"
[Loading MPS to PDF converter (version 2006.09.02).]
\scratchcounter=\count112
\scratchdimen=\dimen118
\scratchbox=\box29
\nofMPsegments=\count113
\nofMParguments=\count114
\everyMPshowfont=\toks25
\MPscratchCnt=\count115
\MPscratchDim=\dimen119
\MPnumerator=\count116
\everyMPtoPDFconversion=\toks26
)
Package hyperref Info: Link coloring OFF on input line 4.
 ("C:\Program Files (x86)\MiKTeX 2.8\tex\latex\hyperref\nameref.sty"
Package: nameref 2007/05/29 v2.31 Cross-referencing by name of section

("C:\Program Files (x86)\MiKTeX 2.8\tex\latex\oberdiek\refcount.sty"
Package: refcount 2008/08/11 v3.1 Data extraction from references (HO)
)
\c@section@level=\count117
)
LaTeX Info: Redefining \ref on input line 4.
LaTeX Info: Redefining \pageref on input line 4.

("E:\Dustin\Eigene Dokumente\Arbeit\Studium\5. Semester\geosoftware\doc\Feinpla
nung\feinplanung.out")
("E:\Dustin\Eigene Dokumente\Arbeit\Studium\5. Semester\geosoftware\doc\Feinpla
nung\feinplanung.out")
\@outlinefile=\write4
\AtBeginShipoutBox=\box30
LaTeX Font Info:    Try loading font information for T1+cmss on input line 15.

("C:\Program Files (x86)\MiKTeX 2.8\tex\latex\base\t1cmss.fd"
File: t1cmss.fd 1999/05/25 v2.5h Standard LaTeX font definitions
)
LaTeX Font Info:    Try loading font information for U+msa on input line 15.

("C:\Program Files (x86)\MiKTeX 2.8\tex\latex\amsfonts\umsa.fd"
File: umsa.fd 2009/06/22 v3.00 AMS symbols A
)
LaTeX Font Info:    Try loading font information for U+msb on input line 15.

("C:\Program Files (x86)\MiKTeX 2.8\tex\latex\amsfonts\umsb.fd"
File: umsb.fd 2009/06/22 v3.00 AMS symbols B
) [1


{C:/ProgramData/MiKTeX/2.8/pdftex/config/pdftex.map}]
("E:\Dustin\Eigene Dokumente\Arbeit\Studium\5. Semester\geosoftware\doc\Feinpla
nung\feinplanung.toc"
Class scrartcl Info: You've told me to use the font selection of the element
(scrartcl)           `sectioning' that is an alias of element `disposition'
(scrartcl)            on input line 2.
Class scrartcl Info: You've told me to use the font selection of the element
(scrartcl)           `sectioning' that is an alias of element `disposition'
(scrartcl)            on input line 3.
Class scrartcl Info: You've told me to use the font selection of the element
(scrartcl)           `sectioning' that is an alias of element `disposition'
(scrartcl)            on input line 5.
Class scrartcl Info: You've told me to use the font selection of the element
(scrartcl)           `sectioning' that is an alias of element `disposition'
(scrartcl)            on input line 21.
)
\tf@toc=\write5
 <images/logo2.pdf, id=120, 127.47626pt x 114.4275pt>
File: images/logo2.pdf Graphic file (type pdf)

<use images/logo2.pdf>
LaTeX Font Info:    Try loading font information for T1+cmtt on input line 27.

("C:\Program Files (x86)\MiKTeX 2.8\tex\latex\base\t1cmtt.fd"
File: t1cmtt.fd 1999/05/25 v2.5h Standard LaTeX font definitions
)
LaTeX Font Info:    Try loading font information for OT1+ocrbn on input line 27
.

("C:\Program Files (x86)\MiKTeX 2.8\tex\latex\ocr-latex\ot1ocrbn.fd"
File: ot1ocrb.fd 2006/09/18 Font definitions for the OCR-B negative font. Look 
in ocr.sty for further information.
)
LaTeX Font Info:    Font shape `OT1/ocrbn/bx/n' in size <14.4> not available
(Font)              Font shape `OT1/ocrbn/b/n' tried instead on input line 27.
LaTeX Font Info:    Font shape `OT1/ocrbn/b/n' in size <14.4> not available
(Font)              Font shape `OT1/ocrbn/m/n' tried instead on input line 27.
 [2 <E:/Dustin/Eigene Dokumente/Arbeit/Studium/5. Semester/geosoftware/doc/Fein
planung/images/logo2.pdf>]
Underfull \hbox (badness 10000) in paragraph at lines 31--32

 []

File: images/logo2.pdf Graphic file (type pdf)
<use images/logo2.pdf> [3]
Package epstopdf Info: Source file: <images/classes.eps>
(epstopdf)                    date: 2009-12-03 14:48:35
(epstopdf)                    size: 27143 bytes
(epstopdf)             Output file: <images/classes-eps-converted-to.pdf>
(epstopdf)                    date: 2009-12-03 14:48:50
(epstopdf)                    size: 4827 bytes
(epstopdf)             Command: <epstopdf --outfile=images/classes-eps-converte
d-to.pdf images/classes.eps>
(epstopdf)             \includegraphics on input line 40.
Package epstopdf Info: Output file is already uptodate.

<images/classes-eps-converted-to.pdf, id=141, 988.69376pt x 729.72626pt>
File: images/classes-eps-converted-to.pdf Graphic file (type pdf)

<use images/classes-eps-converted-to.pdf>
File: images/logo2.pdf Graphic file (type pdf)
 <use images/logo2.pdf> [4

 <E:/Dustin/Eigene Dokumente/Arbeit/Studium/5. Semester/geosoftware/doc/Feinpla
nung/images/classes-eps-converted-to.pdf>]
Package epstopdf Info: Source file: <images/seq01_einloggen.eps>
(epstopdf)                    date: 2009-12-03 15:02:14
(epstopdf)                    size: 7068 bytes
(epstopdf)             Output file: <images/seq01_einloggen-eps-converted-to.pd
f>
(epstopdf)                    date: 2009-12-03 15:04:08
(epstopdf)                    size: 3346 bytes
(epstopdf)             Command: <epstopdf --outfile=images/seq01_einloggen-eps-
converted-to.pdf images/seq01_einloggen.eps>
(epstopdf)             \includegraphics on input line 54.
Package epstopdf Info: Output file is already uptodate.

<images/seq01_einloggen-eps-converted-to.pdf, id=152, 555.07375pt x 262.9825pt>
File: images/seq01_einloggen-eps-converted-to.pdf Graphic file (type pdf)
<use images/seq01_einloggen-eps-converted-to.pdf>
Package epstopdf Info: Source file: <images/seq02_ausloggen.eps>
(epstopdf)                    date: 2009-12-03 15:19:56
(epstopdf)                    size: 4356 bytes
(epstopdf)             Output file: <images/seq02_ausloggen-eps-converted-to.pd
f>
(epstopdf)                    date: 2009-12-03 15:20:03
(epstopdf)                    size: 3053 bytes
(epstopdf)             Command: <epstopdf --outfile=images/seq02_ausloggen-eps-
converted-to.pdf images/seq02_ausloggen.eps>
(epstopdf)             \includegraphics on input line 64.
Package epstopdf Info: Output file is already uptodate.

<images/seq02_ausloggen-eps-converted-to.pdf, id=153, 279.0425pt x 261.97874pt>
File: images/seq02_ausloggen-eps-converted-to.pdf Graphic file (type pdf)
<use images/seq02_ausloggen-eps-converted-to.pdf>
Package epstopdf Info: Source file: <images/seq03_KontoAnlegen.eps>
(epstopdf)                    date: 2009-12-03 15:19:56
(epstopdf)                    size: 5469 bytes
(epstopdf)             Output file: <images/seq03_KontoAnlegen-eps-converted-to
.pdf>
(epstopdf)                    date: 2009-12-03 15:20:03
(epstopdf)                    size: 3166 bytes
(epstopdf)             Command: <epstopdf --outfile=images/seq03_KontoAnlegen-e
ps-converted-to.pdf images/seq03_KontoAnlegen.eps>
(epstopdf)             \includegraphics on input line 75.
Package epstopdf Info: Output file is already uptodate.

<images/seq03_KontoAnlegen-eps-converted-to.pdf, id=154, 439.6425pt x 264.99pt>
File: images/seq03_KontoAnlegen-eps-converted-to.pdf Graphic file (type pdf)
<use images/seq03_KontoAnlegen-eps-converted-to.pdf>
Package epstopdf Info: Source file: <images/seq04_KontoLoeschen.eps>
(epstopdf)                    date: 2009-12-03 15:19:56
(epstopdf)                    size: 7546 bytes
(epstopdf)             Output file: <images/seq04_KontoLoeschen-eps-converted-t
o.pdf>
(epstopdf)                    date: 2009-12-03 15:20:04
(epstopdf)                    size: 3355 bytes
(epstopdf)             Command: <epstopdf --outfile=images/seq04_KontoLoeschen-
eps-converted-to.pdf images/seq04_KontoLoeschen.eps>
(epstopdf)             \includegraphics on input line 86.
Package epstopdf Info: Output file is already uptodate.

<images/seq04_KontoLoeschen-eps-converted-to.pdf, id=155, 437.635pt x 259.97125
pt>
File: images/seq04_KontoLoeschen-eps-converted-to.pdf Graphic file (type pdf)
 <use images/seq04_KontoLoeschen-eps-converted-to.pdf>
Package epstopdf Info: Source file: <images/seq05_KontoDetailsEinsehen.eps>
(epstopdf)                    date: 2009-12-03 15:19:56
(epstopdf)                    size: 3247 bytes
(epstopdf)             Output file: <images/seq05_KontoDetailsEinsehen-eps-conv
erted-to.pdf>
(epstopdf)                    date: 2009-12-03 15:20:04
(epstopdf)                    size: 2929 bytes
(epstopdf)             Command: <epstopdf --outfile=images/seq05_KontoDetailsEi
nsehen-eps-converted-to.pdf images/seq05_KontoDetailsEinsehen.eps>
(epstopdf)             \includegraphics on input line 97.
Package epstopdf Info: Output file is already uptodate.

<images/seq05_KontoDetailsEinsehen-eps-converted-to.pdf, id=156, 215.80624pt x 
259.97125pt>
File: images/seq05_KontoDetailsEinsehen-eps-converted-to.pdf Graphic file (type
 pdf)
 <use images/seq05_KontoDetailsEinsehen-eps-converted-to.pdf>
Package epstopdf Info: Source file: <images/seq06_KontoDatenAendern.eps>
(epstopdf)                    date: 2009-12-03 15:19:56
(epstopdf)                    size: 6913 bytes
(epstopdf)             Output file: <images/seq06_KontoDatenAendern-eps-convert
ed-to.pdf>
(epstopdf)                    date: 2009-12-03 15:20:04
(epstopdf)                    size: 3279 bytes
(epstopdf)             Command: <epstopdf --outfile=images/seq06_KontoDatenAend
ern-eps-converted-to.pdf images/seq06_KontoDatenAendern.eps>
(epstopdf)             \includegraphics on input line 108.
Package epstopdf Info: Output file is already uptodate.

<images/seq06_KontoDatenAendern-eps-converted-to.pdf, id=157, 443.6575pt x 259.
97125pt>
File: images/seq06_KontoDatenAendern-eps-converted-to.pdf Graphic file (type pd
f)
 <use images/seq06_KontoDatenAendern-eps-converted-to.pdf>
Package epstopdf Info: Source file: <images/seq07_KontoRechteAendern.eps>
(epstopdf)                    date: 2009-12-03 15:19:56
(epstopdf)                    size: 7368 bytes
(epstopdf)             Output file: <images/seq07_KontoRechteAendern-eps-conver
ted-to.pdf>
(epstopdf)                    date: 2009-12-03 15:20:05
(epstopdf)                    size: 3335 bytes
(epstopdf)             Command: <epstopdf --outfile=images/seq07_KontoRechteAen
dern-eps-converted-to.pdf images/seq07_KontoRechteAendern.eps>
(epstopdf)             \includegraphics on input line 119.
Package epstopdf Info: Output file is already uptodate.

<images/seq07_KontoRechteAendern-eps-converted-to.pdf, id=158, 500.87125pt x 25
9.97125pt>
File: images/seq07_KontoRechteAendern-eps-converted-to.pdf Graphic file (type p
df)
 <use images/seq07_KontoRechteAendern-eps-converted-to.pdf>
Package epstopdf Info: Source file: <images/seq08_benutzerlisteAnzeigen.eps>
(epstopdf)                    date: 2009-12-03 15:19:56
(epstopdf)                    size: 6259 bytes
(epstopdf)             Output file: <images/seq08_benutzerlisteAnzeigen-eps-con
verted-to.pdf>
(epstopdf)                    date: 2009-12-03 15:20:05
(epstopdf)                    size: 3239 bytes
(epstopdf)             Command: <epstopdf --outfile=images/seq08_benutzerlisteA
nzeigen-eps-converted-to.pdf images/seq08_benutzerlisteAnzeigen.eps>
(epstopdf)             \includegraphics on input line 130.
Package epstopdf Info: Output file is already uptodate.

<images/seq08_benutzerlisteAnzeigen-eps-converted-to.pdf, id=159, 440.64626pt x
 260.975pt>
File: images/seq08_benutzerlisteAnzeigen-eps-converted-to.pdf Graphic file (typ
e pdf)
 <use images/seq08_benutzerlisteAnzeigen-eps-converted-to.pdf>
Package epstopdf Info: Source file: <images/seq09_EreignisEintragen.eps>
(epstopdf)                    date: 2009-12-03 15:19:56
(epstopdf)                    size: 7081 bytes
(epstopdf)             Output file: <images/seq09_EreignisEintragen-eps-convert
ed-to.pdf>
(epstopdf)                    date: 2009-12-03 15:20:06
(epstopdf)                    size: 3337 bytes
(epstopdf)             Command: <epstopdf --outfile=images/seq09_EreignisEintra
gen-eps-converted-to.pdf images/seq09_EreignisEintragen.eps>
(epstopdf)             \includegraphics on input line 141.
Package epstopdf Info: Output file is already uptodate.

<images/seq09_EreignisEintragen-eps-converted-to.pdf, id=160, 446.66875pt x 260
.975pt>
File: images/seq09_EreignisEintragen-eps-converted-to.pdf Graphic file (type pd
f)
 <use images/seq09_EreignisEintragen-eps-converted-to.pdf>
Package epstopdf Info: Source file: <images/seq10_EreignisEinsehen.eps>
(epstopdf)                    date: 2009-12-03 15:19:56
(epstopdf)                    size: 4780 bytes
(epstopdf)             Output file: <images/seq10_EreignisEinsehen-eps-converte
d-to.pdf>
(epstopdf)                    date: 2009-12-03 15:20:06
(epstopdf)                    size: 3107 bytes
(epstopdf)             Command: <epstopdf --outfile=images/seq10_EreignisEinseh
en-eps-converted-to.pdf images/seq10_EreignisEinsehen.eps>
(epstopdf)             \includegraphics on input line 152.
Package epstopdf Info: Output file is already uptodate.

<images/seq10_EreignisEinsehen-eps-converted-to.pdf, id=161, 343.2825pt x 260.9
75pt>
File: images/seq10_EreignisEinsehen-eps-converted-to.pdf Graphic file (type pdf
)
 <use images/seq10_EreignisEinsehen-eps-converted-to.pdf>
Package epstopdf Info: Source file: <images/seq11_EreignisAendern.eps>
(epstopdf)                    date: 2009-12-03 15:19:56
(epstopdf)                    size: 5879 bytes
(epstopdf)             Output file: <images/seq11_EreignisAendern-eps-converted
-to.pdf>
(epstopdf)                    date: 2009-12-03 15:20:06
(epstopdf)                    size: 3223 bytes
(epstopdf)             Command: <epstopdf --outfile=images/seq11_EreignisAender
n-eps-converted-to.pdf images/seq11_EreignisAendern.eps>
(epstopdf)             \includegraphics on input line 164.
Package epstopdf Info: Output file is already uptodate.

<images/seq11_EreignisAendern-eps-converted-to.pdf, id=162, 395.4775pt x 260.97
5pt>
File: images/seq11_EreignisAendern-eps-converted-to.pdf Graphic file (type pdf)

 <use images/seq11_EreignisAendern-eps-converted-to.pdf>
Package epstopdf Info: Source file: <images/seq12_EreignisSuchen.eps>
(epstopdf)                    date: 2009-12-03 15:19:56
(epstopdf)                    size: 4769 bytes
(epstopdf)             Output file: <images/seq12_EreignisSuchen-eps-converted-
to.pdf>
(epstopdf)                    date: 2009-12-03 15:20:07
(epstopdf)                    size: 3095 bytes
(epstopdf)             Command: <epstopdf --outfile=images/seq12_EreignisSuchen
-eps-converted-to.pdf images/seq12_EreignisSuchen.eps>
(epstopdf)             \includegraphics on input line 176.
Package epstopdf Info: Output file is already uptodate.

<images/seq12_EreignisSuchen-eps-converted-to.pdf, id=163, 343.2825pt x 259.971
25pt>
File: images/seq12_EreignisSuchen-eps-converted-to.pdf Graphic file (type pdf)
 <use images/seq12_EreignisSuchen-eps-converted-to.pdf>
Package epstopdf Info: Source file: <images/seq13_EreignisLoeschen.eps>
(epstopdf)                    date: 2009-12-03 15:19:56
(epstopdf)                    size: 5888 bytes
(epstopdf)             Output file: <images/seq13_EreignisLoeschen-eps-converte
d-to.pdf>
(epstopdf)                    date: 2009-12-03 15:20:07
(epstopdf)                    size: 3220 bytes
(epstopdf)             Command: <epstopdf --outfile=images/seq13_EreignisLoesch
en-eps-converted-to.pdf images/seq13_EreignisLoeschen.eps>
(epstopdf)             \includegraphics on input line 187.
Package epstopdf Info: Output file is already uptodate.

<images/seq13_EreignisLoeschen-eps-converted-to.pdf, id=164, 395.4775pt x 260.9
75pt>
File: images/seq13_EreignisLoeschen-eps-converted-to.pdf Graphic file (type pdf
)
 <use images/seq13_EreignisLoeschen-eps-converted-to.pdf>
Package epstopdf Info: Source file: <images/seq14_EreignisMelden.eps>
(epstopdf)                    date: 2009-12-03 15:19:56
(epstopdf)                    size: 5888 bytes
(epstopdf)             Output file: <images/seq14_EreignisMelden-eps-converted-
to.pdf>
(epstopdf)                    date: 2009-12-03 15:20:07
(epstopdf)                    size: 3215 bytes
(epstopdf)             Command: <epstopdf --outfile=images/seq14_EreignisMelden
-eps-converted-to.pdf images/seq14_EreignisMelden.eps>
(epstopdf)             \includegraphics on input line 200.
Package epstopdf Info: Output file is already uptodate.

<images/seq14_EreignisMelden-eps-converted-to.pdf, id=165, 400.49625pt x 260.97
5pt>
File: images/seq14_EreignisMelden-eps-converted-to.pdf Graphic file (type pdf)
 <use images/seq14_EreignisMelden-eps-converted-to.pdf>
Package epstopdf Info: Source file: <images/seq15_KartenInteraktion.eps>
(epstopdf)                    date: 2009-12-03 15:19:56
(epstopdf)                    size: 4782 bytes
(epstopdf)             Output file: <images/seq15_KartenInteraktion-eps-convert
ed-to.pdf>
(epstopdf)                    date: 2009-12-03 15:20:08
(epstopdf)                    size: 3090 bytes
(epstopdf)             Command: <epstopdf --outfile=images/seq15_KartenInterakt
ion-eps-converted-to.pdf images/seq15_KartenInteraktion.eps>
(epstopdf)             \includegraphics on input line 211.
Package epstopdf Info: Output file is already uptodate.

<images/seq15_KartenInteraktion-eps-converted-to.pdf, id=166, 313.17pt x 259.97
125pt>
File: images/seq15_KartenInteraktion-eps-converted-to.pdf Graphic file (type pd
f)
 <use images/seq15_KartenInteraktion-eps-converted-to.pdf>
File: images/logo2.pdf Graphic file (type pdf)

<use images/logo2.pdf> [5

 <E:/Dustin/Eigene Dokumente/Arbeit/Studium/5. Semester/geosoftware/doc/Feinpla
nung/images/seq01_einloggen-eps-converted-to.pdf>]
File: images/logo2.pdf Graphic file (type pdf)

<use images/logo2.pdf> [6 <E:/Dustin/Eigene Dokumente/Arbeit/Studium/5. Semeste
r/geosoftware/doc/Feinplanung/images/seq02_ausloggen-eps-converted-to.pdf>]
File: images/logo2.pdf Graphic file (type pdf)

<use images/logo2.pdf> [7 <E:/Dustin/Eigene Dokumente/Arbeit/Studium/5. Semeste
r/geosoftware/doc/Feinplanung/images/seq03_KontoAnlegen-eps-converted-to.pdf> <
E:/Dustin/Eigene Dokumente/Arbeit/Studium/5. Semester/geosoftware/doc/Feinplanu
ng/images/seq04_KontoLoeschen-eps-converted-to.pdf>]
File: images/logo2.pdf Graphic file (type pdf)
 <use images/logo2.pdf>
[8 <E:/Dustin/Eigene Dokumente/Arbeit/Studium/5. Semester/geosoftware/doc/Feinp
lanung/images/seq05_KontoDetailsEinsehen-eps-converted-to.pdf>]
File: images/logo2.pdf Graphic file (type pdf)

<use images/logo2.pdf> [9 <E:/Dustin/Eigene Dokumente/Arbeit/Studium/5. Semeste
r/geosoftware/doc/Feinplanung/images/seq06_KontoDatenAendern-eps-converted-to.p
df> <E:/Dustin/Eigene Dokumente/Arbeit/Studium/5. Semester/geosoftware/doc/Fein
planung/images/seq07_KontoRechteAendern-eps-converted-to.pdf>]
File: images/logo2.pdf Graphic file (type pdf)

<use images/logo2.pdf> [10 <E:/Dustin/Eigene Dokumente/Arbeit/Studium/5. Semest
er/geosoftware/doc/Feinplanung/images/seq08_benutzerlisteAnzeigen-eps-converted
-to.pdf> <E:/Dustin/Eigene Dokumente/Arbeit/Studium/5. Semester/geosoftware/doc
/Feinplanung/images/seq09_EreignisEintragen-eps-converted-to.pdf>]
File: images/logo2.pdf Graphic file (type pdf)

<use images/logo2.pdf> [11 <E:/Dustin/Eigene Dokumente/Arbeit/Studium/5. Semest
er/geosoftware/doc/Feinplanung/images/seq10_EreignisEinsehen-eps-converted-to.p
df>]
File: images/logo2.pdf Graphic file (type pdf)
 <use images/logo2.pdf> [12 <E:/Dustin/Eigene Dokumente/Arbeit/Studium/5. Semes
ter/geosoftware/doc/Feinplanung/images/seq11_EreignisAendern-eps-converted-to.p
df>]
File: images/logo2.pdf Graphic file (type pdf)
 <use images/logo2.pdf> [13 <E:/Dustin/Eigene Dokumente/Arbeit/Studium/5. Semes
ter/geosoftware/doc/Feinplanung/images/seq12_EreignisSuchen-eps-converted-to.pd
f>]
File: images/logo2.pdf Graphic file (type pdf)
 <use images/logo2.pdf> [14 <E:/Dustin/Eigene Dokumente/Arbeit/Studium/5. Semes
ter/geosoftware/doc/Feinplanung/images/seq13_EreignisLoeschen-eps-converted-to.
pdf> <E:/Dustin/Eigene Dokumente/Arbeit/Studium/5. Semester/geosoftware/doc/Fei
nplanung/images/seq14_EreignisMelden-eps-converted-to.pdf>]
File: images/logo2.pdf Graphic file (type pdf)

<use images/logo2.pdf> [15 <E:/Dustin/Eigene Dokumente/Arbeit/Studium/5. Semest
er/geosoftware/doc/Feinplanung/images/seq15_KartenInteraktion-eps-converted-to.
pdf>] <images/ganttchart.png, id=284, 1040.38687pt x 239.39438pt>
File: images/ganttchart.png Graphic file (type png)

<use images/ganttchart.png>
File: images/logo2.pdf Graphic file (type pdf)
 <use images/logo2.pdf> [16

 <E:/Dustin/Eigene Dokumente/Arbeit/Studium/5. Semester/geosoftware/doc/Feinpla
nung/images/ganttchart.png (PNG copy)>] AED: lastpage setting LastPage
("E:\Dustin\Eigene Dokumente\Arbeit\Studium\5. Semester\geosoftware\doc\Feinpla
nung\feinplanung.aux")

LaTeX Warning: There were multiply-defined labels.

 ) 
Here is how much of TeX's memory you used:
 7553 strings out of 495285
 112435 string characters out of 3179875
 196455 words of memory out of 3000000
 10490 multiletter control sequences out of 15000+200000
 22718 words of font info for 62 fonts, out of 3000000 for 9000
 14 hyphenation exceptions out of 8191
 54i,18n,45p,402b,491s stack positions out of 5000i,500n,10000p,200000b,50000s
 <C:\Users\Dustin\AppData\Local\MiKTeX\2.8\fonts\pk\ljfour\jknappen\ec\dpi600
\ecti1095.pk> <C:\Users\Dustin\AppData\Local\MiKTeX\2.8\fonts\pk\ljfour\jknappe
n\ec\dpi600\ecsx1200.pk> <C:\Users\Dustin\AppData\Local\MiKTeX\2.8\fonts\pk\ljf
our\jknappen\ec\dpi600\ecrm1000.pk> <C:\Users\Dustin\AppData\Local\MiKTeX\2.8\f
onts\pk\ljfour\jknappen\ec\dpi600\ecsx1095.pk> <C:\Users\Dustin\AppData\Local\M
iKTeX\2.8\fonts\pk\ljfour\jknappen\ec\dpi600\ecsx1440.pk> <C:\Users\Dustin\AppD
ata\Local\MiKTeX\2.8\fonts\pk\ljfour\jknappen\ec\dpi600\ecrm1095.pk> <C:\Users\
Dustin\AppData\Local\MiKTeX\2.8\fonts\pk\ljfour\unknown\unknown\dpi864\ocrb10x.
pk> <C:\Users\Dustin\AppData\Local\MiKTeX\2.8\fonts\pk\ljfour\jknappen\ec\dpi60
0\ecbx1095.pk> <C:\Users\Dustin\AppData\Local\MiKTeX\2.8\fonts\pk\ljfour\jknapp
en\ec\dpi600\ecrm1440.pk> <C:\Users\Dustin\AppData\Local\MiKTeX\2.8\fonts\pk\lj
four\jknappen\ec\dpi600\ecsx1000.pk> <C:\Users\Dustin\AppData\Local\MiKTeX\2.8\
fonts\pk\ljfour\jknappen\ec\dpi600\ecsx2074.pk>
Output written on feinplanung.pdf (16 pages, 226172 bytes).
PDF statistics:
 605 PDF objects out of 1000 (max. 8388607)
 56 named destinations out of 1000 (max. 500000)
 259 words of extra memory for PDF output out of 10000 (max. 10000000)

