\BOOKMARK [1][]{section.1}{Zielbestimmung}{}
\BOOKMARK [1][]{section.2}{Verwendete Klassen}{}
\BOOKMARK [2][]{subsection.2.1}{Klassendiagramm}{section.2}
\BOOKMARK [1][]{section.3}{Sequenzen}{}
\BOOKMARK [2][]{subsection.3.1}{Einloggen}{section.3}
\BOOKMARK [2][]{subsection.3.2}{Ausloggen}{section.3}
\BOOKMARK [2][]{subsection.3.3}{Konto Anlegen}{section.3}
\BOOKMARK [2][]{subsection.3.4}{Konto L\366schen}{section.3}
\BOOKMARK [2][]{subsection.3.5}{Konto Details Einsehen}{section.3}
\BOOKMARK [2][]{subsection.3.6}{Konto Daten \304ndern}{section.3}
\BOOKMARK [2][]{subsection.3.7}{\304ndern von Zugriffsrechten}{section.3}
\BOOKMARK [2][]{subsection.3.8}{Benutzerliste Anzeigen}{section.3}
\BOOKMARK [2][]{subsection.3.9}{Ereignis eintragen}{section.3}
\BOOKMARK [2][]{subsection.3.10}{Ereignis einsehen}{section.3}
\BOOKMARK [2][]{subsection.3.11}{Ereignis \344ndern}{section.3}
\BOOKMARK [2][]{subsection.3.12}{Ereignis suchen}{section.3}
\BOOKMARK [2][]{subsection.3.13}{Ereignis l\366schen}{section.3}
\BOOKMARK [2][]{subsection.3.14}{Ereignis melden}{section.3}
\BOOKMARK [2][]{subsection.3.15}{Karteninteraktion}{section.3}
\BOOKMARK [1][]{section.4}{Zeitplanung f\374r Implementierung}{}
\BOOKMARK [2][]{subsection.4.1}{Ganttchart}{section.4}
